[debug] [2020-12-23T16:57:03.815Z] ----------------------------------------------------------------------
[debug] [2020-12-23T16:57:03.817Z] Command:       C:\Program Files\nodejs\node.exe C:\Users\Ordinateur\AppData\Roaming\npm\node_modules\firebase-tools\lib\bin\firebase.js init
[debug] [2020-12-23T16:57:03.817Z] CLI Version:   9.1.0
[debug] [2020-12-23T16:57:03.817Z] Platform:      win32
[debug] [2020-12-23T16:57:03.817Z] Node Version:  v14.12.0
[debug] [2020-12-23T16:57:03.819Z] Time:          Wed Dec 23 2020 17:57:03 GMT+0100 (Central European Standard Time)
[debug] [2020-12-23T16:57:03.819Z] ----------------------------------------------------------------------
[debug] [2020-12-23T16:57:03.819Z] 
[debug] [2020-12-23T16:57:03.820Z] >>> [apiv2][query] GET https://firebase-public.firebaseio.com/cli.json [none]
[debug] [2020-12-23T16:57:03.834Z] > command requires scopes: ["email","openid","https://www.googleapis.com/auth/cloudplatformprojects.readonly","https://www.googleapis.com/auth/firebase","https://www.googleapis.com/auth/cloud-platform"]
[debug] [2020-12-23T16:57:03.834Z] > authorizing via signed-in user
[info] 
     ######## #### ########  ######## ########     ###     ######  ########
     ##        ##  ##     ## ##       ##     ##  ##   ##  ##       ##
     ######    ##  ########  ######   ########  #########  ######  ######
     ##        ##  ##    ##  ##       ##     ## ##     ##       ## ##
     ##       #### ##     ## ######## ########  ##     ##  ######  ########

You're about to initialize a Firebase project in this directory:

  D:\Amine\Studies\Work Sample\BookApp

Before we get started, keep in mind:

  * You are initializing in an existing Firebase project directory

[debug] [2020-12-23T16:57:04.438Z] <<< [apiv2][status] GET https://firebase-public.firebaseio.com/cli.json 200
[debug] [2020-12-23T16:57:04.438Z] <<< [apiv2][body] GET https://firebase-public.firebaseio.com/cli.json {"cloudBuildErrorAfter":1594252800000,"cloudBuildWarnAfter":1590019200000,"defaultNode10After":1594252800000,"minVersion":"3.0.5","node8DeploysDisabledAfter":1613390400000,"node8RuntimeDisabledAfter":1615809600000,"node8WarnAfter":1600128000000}
